Failed to load lens distortion data
Failed to load lens distortion data
Failed to load lens distortion data
Camera has not been calibrated!
Camera has not been calibrated!
Camera has not been calibrated!
Camera has not been calibrated!
Camera has not been calibrated!
Starting camera calibration...
19 64 722 415
Camera has not been calibrated!
Camera has not been calibrated!
Camera has not been calibrated!
Camera has not been calibrated!
Starting camera calibration...
52 90 696 401
Free calibration handle due to lacking balls
Free calibration handle due to lacking balls
Starting camera calibration...
51 81 702 401
Camera has not been calibrated!
Starting camera calibration...
51 81 701 404
Camera has not been calibrated!
Camera has not been calibrated!
Camera has not been calibrated!
Camera has not been calibrated!
Camera has not been calibrated!
Camera has not been calibrated!
Camera has not been calibrated!
Camera has not been calibrated!
Camera has not been calibrated!
Camera has not been calibrated!
Camera has not been calibrated!
Starting camera calibration...
48 86 698 402
Starting camera calibration...
46 85 699 404
